INFO: 2023/04/14 14:32:35 main.go:126: Starting the application...
INFO: 2023/04/14 14:32:35 main.go:127: Something noteworthy happened
WARNING: 2023/04/14 14:32:35 main.go:128: There is something you should know about
ERROR: 2023/04/14 14:32:35 main.go:129: Something went wrong
INFO: 2023/04/14 14:40:44 main.go:131: Starting the application...
WARNING: 2023/04/14 14:40:44 main.go:132: There is something you should know about
2023/04/14 14:40:44 Doing really hard work (2 / 30)
INFO: 2023/04/14 14:40:44 main.go:198: Doing really hard work (2 / 30)
2023/04/14 14:40:45 Doing really hard work (3 / 30)
INFO: 2023/04/14 14:40:45 main.go:198: Doing really hard work (3 / 30)
2023/04/14 14:40:46 Doing really hard work (4 / 30)
INFO: 2023/04/14 14:40:46 main.go:198: Doing really hard work (4 / 30)
2023/04/14 14:40:47 Doing really hard work (5 / 30)
INFO: 2023/04/14 14:40:47 main.go:198: Doing really hard work (5 / 30)
2023/04/14 14:40:48 Doing really hard work (6 / 30)
INFO: 2023/04/14 14:40:48 main.go:198: Doing really hard work (6 / 30)
2023/04/14 14:40:49 Doing really hard work (7 / 30)
INFO: 2023/04/14 14:40:49 main.go:198: Doing really hard work (7 / 30)
INFO: 2023/04/14 15:11:10 main.go:131: Starting the application...
WARNING: 2023/04/14 15:11:10 main.go:132: There is something you should know about
2023/04/14 15:11:10 Doing really hard work (2 / 30)
INFO: 2023/04/14 15:11:10 main.go:198: Doing really hard work (2 / 30)
2023/04/14 15:11:11 Doing really hard work (3 / 30)
INFO: 2023/04/14 15:11:11 main.go:198: Doing really hard work (3 / 30)
2023/04/14 15:11:12 Doing really hard work (4 / 30)
INFO: 2023/04/14 15:11:12 main.go:198: Doing really hard work (4 / 30)
2023/04/14 15:11:13 Doing really hard work (5 / 30)
INFO: 2023/04/14 15:11:13 main.go:198: Doing really hard work (5 / 30)
2023/04/14 15:11:14 Doing really hard work (6 / 30)
INFO: 2023/04/14 15:11:14 main.go:198: Doing really hard work (6 / 30)
2023/04/14 15:11:15 Doing really hard work (7 / 30)
INFO: 2023/04/14 15:11:15 main.go:198: Doing really hard work (7 / 30)
2023/04/14 15:11:16 Doing really hard work (8 / 30)
INFO: 2023/04/14 15:11:16 main.go:198: Doing really hard work (8 / 30)
2023/04/14 15:11:17 Doing really hard work (9 / 30)
INFO: 2023/04/14 15:11:17 main.go:198: Doing really hard work (9 / 30)
2023/04/14 15:11:18 Doing really hard work (10 / 30)
INFO: 2023/04/14 15:11:18 main.go:198: Doing really hard work (10 / 30)
2023/04/14 15:11:19 Doing really hard work (11 / 30)
INFO: 2023/04/14 15:11:19 main.go:198: Doing really hard work (11 / 30)
2023/04/14 15:11:20 Doing really hard work (12 / 30)
INFO: 2023/04/14 15:11:20 main.go:198: Doing really hard work (12 / 30)
2023/04/14 15:11:21 Doing really hard work (13 / 30)
INFO: 2023/04/14 15:11:21 main.go:198: Doing really hard work (13 / 30)
2023/04/14 15:11:22 Doing really hard work (14 / 30)
INFO: 2023/04/14 15:11:22 main.go:198: Doing really hard work (14 / 30)
2023/04/14 15:11:23 Doing really hard work (15 / 30)
INFO: 2023/04/14 15:11:23 main.go:198: Doing really hard work (15 / 30)
2023/04/14 15:11:24 Doing really hard work (16 / 30)
INFO: 2023/04/14 15:11:24 main.go:198: Doing really hard work (16 / 30)
2023/04/14 15:11:25 Doing really hard work (17 / 30)
INFO: 2023/04/14 15:11:25 main.go:198: Doing really hard work (17 / 30)
2023/04/14 15:11:26 Doing really hard work (18 / 30)
INFO: 2023/04/14 15:11:26 main.go:198: Doing really hard work (18 / 30)
2023/04/14 15:11:27 Doing really hard work (19 / 30)
INFO: 2023/04/14 15:11:27 main.go:198: Doing really hard work (19 / 30)
2023/04/14 15:11:28 Doing really hard work (20 / 30)
INFO: 2023/04/14 15:11:28 main.go:198: Doing really hard work (20 / 30)
INFO: 2023/04/14 15:21:05 main.go:129: Starting the application...
INFO: 2023/04/14 15:21:05 main.go:191: Doing really hard work (2 / 30)
INFO: 2023/04/14 15:21:06 main.go:191: Doing really hard work (3 / 30)
INFO: 2023/04/14 15:21:07 main.go:191: Doing really hard work (4 / 30)
INFO: 2023/04/14 15:21:08 main.go:191: Doing really hard work (5 / 30)
INFO: 2023/04/14 15:22:14 main.go:129: Starting the application...
INFO: 2023/04/14 15:22:14 main.go:191: Doing really hard work (1 / 30)
INFO: 2023/04/14 15:22:15 main.go:191: Doing really hard work (2 / 30)
INFO: 2023/04/14 15:22:16 main.go:191: Doing really hard work (3 / 30)
INFO: 2023/04/14 15:22:17 main.go:191: Doing really hard work (4 / 30)
INFO: 2023/04/14 15:22:18 main.go:191: Doing really hard work (5 / 30)
INFO: 2023/04/14 15:22:19 main.go:191: Doing really hard work (6 / 30)
INFO: 2023/04/14 15:22:20 main.go:191: Doing really hard work (7 / 30)
INFO: 2023/04/14 15:22:21 main.go:191: Doing really hard work (8 / 30)
INFO: 2023/04/14 15:22:22 main.go:191: Doing really hard work (9 / 30)
INFO: 2023/04/14 15:22:23 main.go:191: Doing really hard work (10 / 30)
INFO: 2023/04/14 15:22:24 main.go:191: Doing really hard work (11 / 30)
INFO: 2023/04/14 15:22:25 main.go:191: Doing really hard work (12 / 30)
INFO: 2023/04/14 15:22:26 main.go:191: Doing really hard work (13 / 30)
INFO: 2023/04/14 15:22:27 main.go:191: Doing really hard work (14 / 30)
INFO: 2023/04/14 15:22:28 main.go:191: Doing really hard work (15 / 30)
INFO: 2023/04/14 15:22:29 main.go:191: Doing really hard work (16 / 30)
INFO: 2023/04/14 15:22:30 main.go:191: Doing really hard work (17 / 30)
INFO: 2023/04/14 15:22:31 main.go:191: Doing really hard work (18 / 30)
INFO: 2023/04/14 15:22:32 main.go:191: Doing really hard work (19 / 30)
INFO: 2023/04/14 15:22:33 main.go:191: Doing really hard work (20 / 30)
INFO: 2023/04/14 15:22:34 main.go:191: Doing really hard work (21 / 30)
INFO: 2023/04/14 15:22:35 main.go:191: Doing really hard work (22 / 30)
INFO: 2023/04/14 15:22:36 main.go:191: Doing really hard work (23 / 30)
INFO: 2023/04/14 15:22:37 main.go:191: Doing really hard work (24 / 30)
INFO: 2023/04/14 15:22:38 main.go:191: Doing really hard work (25 / 30)
INFO: 2023/04/14 15:22:39 main.go:191: Doing really hard work (26 / 30)
INFO: 2023/04/14 15:22:40 main.go:191: Doing really hard work (27 / 30)
INFO: 2023/04/14 15:22:41 main.go:191: Doing really hard work (28 / 30)
INFO: 2023/04/14 15:22:42 main.go:191: Doing really hard work (29 / 30)
INFO: 2023/04/14 15:22:43 main.go:191: Doing really hard work (30 / 30)
INFO: 2023/04/14 15:22:44 main.go:191: Doing really hard work (31 / 30)
WARNING: 2023/04/14 15:22:45 main.go:203: Done!
INFO: 2023/04/14 15:45:41 main.go:133: Starting the application...3 2 1
INFO: 2023/04/14 15:45:41 main.go:195: Doing really hard work (1 / 30)
INFO: 2023/04/14 15:45:42 main.go:195: Doing really hard work (2 / 30)
INFO: 2023/04/14 15:45:43 main.go:195: Doing really hard work (3 / 30)
INFO: 2023/04/14 15:45:44 main.go:195: Doing really hard work (4 / 30)
INFO: 2023/04/14 15:45:45 main.go:195: Doing really hard work (5 / 30)
INFO: 2023/04/14 15:45:46 main.go:195: Doing really hard work (6 / 30)
INFO: 2023/04/14 15:47:20 main.go:133: Starting the application...3 2 1
INFO: 2023/04/14 15:47:20 main.go:195: Doing really hard work (1 / 30)
INFO: 2023/04/14 15:47:21 main.go:195: Doing really hard work (2 / 30)
INFO: 2023/04/14 15:47:22 main.go:195: Doing really hard work (3 / 30)
INFO: 2023/04/14 15:47:23 main.go:195: Doing really hard work (4 / 30)
INFO: 2023/04/14 15:47:24 main.go:195: Doing really hard work (5 / 30)
INFO: 2023/04/14 15:47:25 main.go:195: Doing really hard work (6 / 30)
INFO: 2023/04/14 16:21:53 main.go:131: --------------------------------
INFO: 2023/04/14 16:21:53 main.go:132: Starting the application...3 2 1
INFO: 2023/04/14 16:21:53 main.go:194: Doing really hard work (1 / 10)
INFO: 2023/04/14 16:21:54 main.go:194: Doing really hard work (2 / 10)
INFO: 2023/04/14 16:21:55 main.go:194: Doing really hard work (3 / 10)
INFO: 2023/04/14 16:21:56 main.go:194: Doing really hard work (4 / 10)
INFO: 2023/04/14 16:21:57 main.go:194: Doing really hard work (5 / 10)
INFO: 2023/04/14 16:21:58 main.go:194: Doing really hard work (6 / 10)
INFO: 2023/04/14 16:21:59 main.go:194: Doing really hard work (7 / 10)
INFO: 2023/04/14 16:22:00 main.go:194: Doing really hard work (8 / 10)
INFO: 2023/04/14 16:22:01 main.go:194: Doing really hard work (9 / 10)
INFO: 2023/04/14 16:22:02 main.go:194: Doing really hard work (10 / 10)
INFO: 2023/04/14 16:22:03 main.go:207: Done!
INFO: 2023/04/14 16:22:04 main.go:207: Done!
INFO: 2023/04/14 16:22:05 main.go:207: Done!
INFO: 2023/04/14 16:22:06 main.go:207: Done!
